Added Component: Designator=A1(2.4GHz_inverted_F)
Added Component: Designator=B1(INDCAF50P160X80X70-6N)
Added Component: Designator=C1(TDK C-Series (2012))
Added Component: Designator=C2(TDK C-Series (2012))
Added Component: Designator=C3(TDK C-Series (2012))
Added Component: Designator=C4(TDK C-Series (2012))
Added Component: Designator=C5(TDK C-Series (2012))
Added Component: Designator=C6(TDK C-Series (2012))
Added Component: Designator=C7(TDK C-Series (2012))
Added Component: Designator=C9(TDK C-Series (2012))
Added Component: Designator=C10(TDK C-Series (2012))
Added Component: Designator=C11(TDK C-Series (2012))
Added Component: Designator=C12(TDK C-Series (2012))
Added Component: Designator=C13(TDK C-Series (2012))
Added Component: Designator=C14(TDK C-Series (2012))
Added Component: Designator=C15(TDK C-Series (2012))
Added Component: Designator=D1(LED_CREE_CLM3A)
Added Component: Designator=D2(NXP PMEG6020AELRX (SOD-123))
Added Component: Designator=D3(LED_CREE_CLM3A)
Added Component: Designator=D4(LED_CREE_CLM3A)
Added Component: Designator=D5(LED_CREE_CLM3A)
Added Component: Designator=J2(SAMTEC-FTSH-105-01-X-DV)
Added Component: Designator=L1(0805 (2012 Metric) Resistor Footprint)
Added Component: Designator=L2(0805 (2012 Metric) Resistor Footprint)
Added Component: Designator=R1(0805 (2012 Metric) Resistor Footprint)
Added Component: Designator=R2(0805 (2012 Metric) Resistor Footprint)
Added Component: Designator=R3(0805 (2012 Metric) Resistor Footprint)
Added Component: Designator=R4(0805 (2012 Metric) Resistor Footprint)
Added Component: Designator=R5(0805 (2012 Metric) Resistor Footprint)
Added Component: Designator=R6(0805 (2012 Metric) Resistor Footprint)
Added Component: Designator=TP1(TP_T/H)
Added Component: Designator=TP2(TP_T/H)
Added Component: Designator=U1(ONSEMI_TSOT-23)
Added Component: Designator=U2(Texas Instruments TLV61220 (SOT-23-6))
Added Component: Designator=U3(QFN50P500X500X100-33N)
Added Component: Designator=Y1(XTAL_FC-135R_32.7680KA-AG0)
Added Component: Designator=Y2(TSX-3225)
Added Pin To Net: NetName=+3V3 Pin=C2-1
Added Pin To Net: NetName=+3V3 Pin=C4-1
Added Pin To Net: NetName=+3V3 Pin=L1-2
Added Pin To Net: NetName=+3V3 Pin=R1-2
Added Pin To Net: NetName=+3V3 Pin=U1-5
Added Pin To Net: NetName=+3V3 Pin=U2-5
Added Net: Name=+3V3
Added Pin To Net: NetName=+VBAT Pin=C3-1
Added Pin To Net: NetName=+VBAT Pin=L2-1
Added Pin To Net: NetName=+VBAT Pin=U2-3
Added Pin To Net: NetName=+VBAT Pin=U2-6
Added Net: Name=+VBAT
Added Pin To Net: NetName=+VDDR Pin=C9-2
Added Pin To Net: NetName=+VDDR Pin=C10-2
Added Pin To Net: NetName=+VDDR Pin=U3-29
Added Pin To Net: NetName=+VDDR Pin=U3-32
Added Net: Name=+VDDR
Added Pin To Net: NetName=+VDDS Pin=C5-2
Added Pin To Net: NetName=+VDDS Pin=C6-2
Added Pin To Net: NetName=+VDDS Pin=C7-2
Added Pin To Net: NetName=+VDDS Pin=R4-2
Added Pin To Net: NetName=+VDDS Pin=R6-2
Added Pin To Net: NetName=+VDDS Pin=U3-11
Added Pin To Net: NetName=+VDDS Pin=U3-18
Added Pin To Net: NetName=+VDDS Pin=U3-28
Added Net: Name=+VDDS
Added Pin To Net: NetName=DIM_PWM Pin=U1-4
Added Pin To Net: NetName=DIM_PWM Pin=U3-21
Added Net: Name=DIM_PWM
Added Pin To Net: NetName=GND Pin=A1-2
Added Pin To Net: NetName=GND Pin=B1-5
Added Pin To Net: NetName=GND Pin=B1-6
Added Pin To Net: NetName=GND Pin=C1-2
Added Pin To Net: NetName=GND Pin=C2-2
Added Pin To Net: NetName=GND Pin=C3-2
Added Pin To Net: NetName=GND Pin=C4-2
Added Pin To Net: NetName=GND Pin=C5-1
Added Pin To Net: NetName=GND Pin=C6-1
Added Pin To Net: NetName=GND Pin=C7-1
Added Pin To Net: NetName=GND Pin=C9-1
Added Pin To Net: NetName=GND Pin=C10-1
Added Pin To Net: NetName=GND Pin=C11-1
Added Pin To Net: NetName=GND Pin=C12-2
Added Pin To Net: NetName=GND Pin=C13-1
Added Pin To Net: NetName=GND Pin=C14-1
Added Pin To Net: NetName=GND Pin=C15-1
Added Pin To Net: NetName=GND Pin=J2-3
Added Pin To Net: NetName=GND Pin=J2-5
Added Pin To Net: NetName=GND Pin=J2-9
Added Pin To Net: NetName=GND Pin=R2-1
Added Pin To Net: NetName=GND Pin=R3-1
Added Pin To Net: NetName=GND Pin=U1-2
Added Pin To Net: NetName=GND Pin=U2-2
Added Pin To Net: NetName=GND Pin=U3-0
Added Pin To Net: NetName=GND Pin=U3-0
Added Pin To Net: NetName=GND Pin=U3-0
Added Pin To Net: NetName=GND Pin=U3-0
Added Pin To Net: NetName=GND Pin=U3-0
Added Pin To Net: NetName=GND Pin=U3-0
Added Pin To Net: NetName=GND Pin=U3-0
Added Pin To Net: NetName=GND Pin=U3-0
Added Pin To Net: NetName=GND Pin=U3-0
Added Pin To Net: NetName=GND Pin=U3-0
Added Pin To Net: NetName=GND Pin=Y2-2
Added Pin To Net: NetName=GND Pin=Y2-4
Added Net: Name=GND
Added Pin To Net: NetName=NetA1_1 Pin=A1-1
Added Pin To Net: NetName=NetA1_1 Pin=C12-1
Added Pin To Net: NetName=NetA1_1 Pin=R5-2
Added Net: Name=NetA1_1
Added Pin To Net: NetName=NetB1_1 Pin=B1-1
Added Pin To Net: NetName=NetB1_1 Pin=R5-1
Added Net: Name=NetB1_1
Added Pin To Net: NetName=NetB1_3 Pin=B1-3
Added Pin To Net: NetName=NetB1_3 Pin=U3-2
Added Net: Name=NetB1_3
Added Pin To Net: NetName=NetB1_4 Pin=B1-4
Added Pin To Net: NetName=NetB1_4 Pin=U3-1
Added Net: Name=NetB1_4
Added Pin To Net: NetName=NetC13_2 Pin=C13-2
Added Pin To Net: NetName=NetC13_2 Pin=U3-4
Added Pin To Net: NetName=NetC13_2 Pin=Y1-1
Added Net: Name=NetC13_2
Added Pin To Net: NetName=NetC14_2 Pin=C14-2
Added Pin To Net: NetName=NetC14_2 Pin=U3-5
Added Pin To Net: NetName=NetC14_2 Pin=Y1-2
Added Net: Name=NetC14_2
Added Pin To Net: NetName=NetC15_2 Pin=C15-2
Added Pin To Net: NetName=NetC15_2 Pin=U3-12
Added Net: Name=NetC15_2
Added Pin To Net: NetName=NetD1_2 Pin=D1-2
Added Pin To Net: NetName=NetD1_2 Pin=D3-1
Added Net: Name=NetD1_2
Added Pin To Net: NetName=NetD2_1 Pin=D2-1
Added Pin To Net: NetName=NetD2_1 Pin=L1-1
Added Pin To Net: NetName=NetD2_1 Pin=U1-1
Added Net: Name=NetD2_1
Added Pin To Net: NetName=NetD3_2 Pin=D3-2
Added Pin To Net: NetName=NetD3_2 Pin=D4-1
Added Net: Name=NetD3_2
Added Pin To Net: NetName=NetD4_2 Pin=D4-2
Added Pin To Net: NetName=NetD4_2 Pin=D5-1
Added Net: Name=NetD4_2
Added Pin To Net: NetName=NetJ2_1 Pin=J2-1
Added Pin To Net: NetName=NetJ2_1 Pin=R6-1
Added Net: Name=NetJ2_1
Added Pin To Net: NetName=NetJ2_2 Pin=J2-2
Added Pin To Net: NetName=NetJ2_2 Pin=U3-13
Added Net: Name=NetJ2_2
Added Pin To Net: NetName=NetJ2_4 Pin=J2-4
Added Pin To Net: NetName=NetJ2_4 Pin=U3-14
Added Net: Name=NetJ2_4
Added Pin To Net: NetName=NetL2_2 Pin=L2-2
Added Pin To Net: NetName=NetL2_2 Pin=U2-1
Added Net: Name=NetL2_2
Added Pin To Net: NetName=NetL3_1 Pin=U3-17
Added Net: Name=NetL3_1
Added Pin To Net: NetName=NetR1_1 Pin=R1-1
Added Pin To Net: NetName=NetR1_1 Pin=R2-2
Added Pin To Net: NetName=NetR1_1 Pin=U2-4
Added Net: Name=NetR1_1
Added Pin To Net: NetName=NetTP1_1 Pin=TP1-1
Added Pin To Net: NetName=NetTP1_1 Pin=U3-26
Added Net: Name=NetTP1_1
Added Pin To Net: NetName=NetTP2_1 Pin=TP2-1
Added Pin To Net: NetName=NetTP2_1 Pin=U3-27
Added Net: Name=NetTP2_1
Added Pin To Net: NetName=NetU3_30 Pin=U3-30
Added Pin To Net: NetName=NetU3_30 Pin=Y2-1
Added Net: Name=NetU3_30
Added Pin To Net: NetName=NetU3_31 Pin=U3-31
Added Pin To Net: NetName=NetU3_31 Pin=Y2-3
Added Net: Name=NetU3_31
Added Pin To Net: NetName=RESET_N Pin=C11-2
Added Pin To Net: NetName=RESET_N Pin=J2-10
Added Pin To Net: NetName=RESET_N Pin=R4-1
Added Pin To Net: NetName=RESET_N Pin=U3-19
Added Net: Name=RESET_N
Added Pin To Net: NetName=STRING Pin=D5-2
Added Pin To Net: NetName=STRING Pin=R3-2
Added Pin To Net: NetName=STRING Pin=U1-3
Added Net: Name=STRING
Added Pin To Net: NetName=VOUT Pin=C1-1
Added Pin To Net: NetName=VOUT Pin=D1-1
Added Pin To Net: NetName=VOUT Pin=D2-2
Added Net: Name=VOUT
Added Class: Name=LUX_TOGETHER
Added Room: Name=LUX_TOGETHER
